WARNING:root:And this, too
WARNING:root:And this, too
ERROR:root:Can't create file :  Demo++/ 巨匠软开
WARNING:root:And this, too
ERROR:root:Can't create file :  Demo++/ 巨匠软开
WARNING:root:And this, too
WARNING:root:And this, too
WARNING:root:And this, too
WARNING:root:And this, too
WARNING:root:And this, too
WARNING:root:And this, too
WARNING:root:And this, too
WARNING:root:And this, too
ERROR:root:Can't create file :  Demo++/ 巨匠软开
WARNING:root:And this, too
ERROR:root:Can't create file :  Demo++/ 巨匠软开
ERROR:root:Can't create file :  IPV Capital/盈富泰克
WARNING:root:And this, too
ERROR:root:Can't create file :  Demo++/ 巨匠软开
ERROR:root:Can't create file :  IPV Capital/盈富泰克
WARNING:root:And this, too
ERROR:root:Can't create file :  Demo++/ 巨匠软开
ERROR:root:Can't create file :  IPV Capital/盈富泰克
ERROR:root:Can't create file :  R/GA
ERROR:root:Can't create file :  久邦数码/3G门户
ERROR:root:Can't create file :  樊登读书会/黄豆网络
ERROR:root:Can't create file :  Oak HC/FT
ERROR:root:Can't create file :  翰同资本/高和翰同资本
ERROR:root:Can't create file :  TPG/Satya
ERROR:root:Can't create file :  森合投资/crehol
ERROR:root:Can't create file :  D/Lab
ERROR:root:Can't create file :  Sinar Mas Group/金光集团
ERROR:root:Can't create file :  Globys/Trilogy Equity Partners
ERROR:root:Can't create file :  搜狐/畅游
ERROR:root:Can't create file :  R/GA Ventures
ERROR:root:Can't create file :  MagicWIFI/网联天下
WARNING:root:And this, too
ERROR:root:Can't create file :  Demo++/ 巨匠软开
